<?xml version="1.0" encoding="UTF-8"?>
<!-- Generated by org.testng.reporters.JUnitReportReporter -->
<testsuite hostname="DESKTOP-NPJ0122" failures="0" tests="12" name="org.ictkerala.test_intern.Test_LearnerForm" time="20.859" errors="0" timestamp="2024-04-06T18:13:37 IST" skipped="0">
  <testcase classname="org.ictkerala.test_intern.Test_LearnerForm" name="TC_LF61" time="2.837"/>
  <testcase classname="org.ictkerala.test_intern.Test_LearnerForm" name="TC_LF62" time="1.620"/>
  <testcase classname="org.ictkerala.test_intern.Test_LearnerForm" name="TC_LF63" time="1.162"/>
  <testcase classname="org.ictkerala.test_intern.Test_LearnerForm" name="TC_LF64" time="1.185"/>
  <testcase classname="org.ictkerala.test_intern.Test_LearnerForm" name="TC_LF65" time="1.153"/>
  <testcase classname="org.ictkerala.test_intern.Test_LearnerForm" name="TC_LF66" time="1.189"/>
  <testcase classname="org.ictkerala.test_intern.Test_LearnerForm" name="TC_LF67" time="1.240"/>
  <testcase classname="org.ictkerala.test_intern.Test_LearnerForm" name="TC_LF68" time="1.597"/>
  <testcase classname="org.ictkerala.test_intern.Test_LearnerForm" name="TC_LF69" time="3.066"/>
  <testcase classname="org.ictkerala.test_intern.Test_LearnerForm" name="TC_LF610" time="2.259"/>
  <testcase classname="org.ictkerala.test_intern.Test_LearnerForm" name="TC_LF611" time="2.730"/>
  <testcase classname="org.ictkerala.test_intern.Test_LearnerForm" name="TC_LF612" time="0.821"/>
</testsuite> <!-- org.ictkerala.test_intern.Test_LearnerForm -->
